<?xml version="1.0" encoding="UTF-8"?>
<!-- Generated by org.testng.reporters.JUnitXMLReporter -->
<testsuite hostname="reddys-MacBook-Pro.local" ignored="0" name="Default test" tests="6" failures="0" timestamp="13 Feb 2017 23:26:48 GMT" time="0.043" errors="0">
  <testcase name="f" time="0.009" classname="com.test.AddTest"/>
  <testcase name="test" time="0.002" classname="com.test.AddTest"/>
  <testcase name="test" time="0.001" classname="com.test.AddTest"/>
  <testcase name="test" time="0.0" classname="com.test.AddTest"/>
  <testcase name="test" time="0.001" classname="com.test.AddTest"/>
  <testcase name="test" time="0.001" classname="com.test.AddTest"/>
</testsuite> <!-- Default test -->
