<?xml version="1.0" encoding="UTF-8"?>
<testng-results skipped="0" failed="0" ignored="0" total="6" passed="6">
  <reporter-output>
  </reporter-output>
  <suite name="Default suite" duration-ms="43" started-at="2017-02-13T23:26:48Z" finished-at="2017-02-13T23:26:48Z">
    <groups>
    </groups>
    <test name="Default test" duration-ms="43" started-at="2017-02-13T23:26:48Z" finished-at="2017-02-13T23:26:48Z">
      <class name="com.test.AddTest">
        <test-method status="PASS" signature="f()[pri:0, instance:com.test.AddTest@5dfcfece]" name="f" duration-ms="9" started-at="2017-02-13T15:26:48Z" finished-at="2017-02-13T15:26:48Z">
          <reporter-output>
          </reporter-output>
        </test-method> <!-- f -->
        <test-method status="PASS" signature="test(int, int)[pri:0, instance:com.test.AddTest@5dfcfece]" name="test" duration-ms="2" started-at="2017-02-13T15:26:48Z" data-provider="provideNumbers" finished-at="2017-02-13T15:26:48Z">
          <params>
            <param index="0">
              <value>
                <![CDATA[1]]>
              </value>
            </param>
            <param index="1">
              <value>
                <![CDATA[1]]>
              </value>
            </param>
          </params>
          <reporter-output>
          </reporter-output>
        </test-method> <!-- test -->
        <test-method status="PASS" signature="test(int, int)[pri:0, instance:com.test.AddTest@5dfcfece]" name="test" duration-ms="1" started-at="2017-02-13T15:26:48Z" data-provider="provideNumbers" finished-at="2017-02-13T15:26:48Z">
          <params>
            <param index="0">
              <value>
                <![CDATA[2]]>
              </value>
            </param>
            <param index="1">
              <value>
                <![CDATA[6]]>
              </value>
            </param>
          </params>
          <reporter-output>
          </reporter-output>
        </test-method> <!-- test -->
        <test-method status="PASS" signature="test(int, int)[pri:0, instance:com.test.AddTest@5dfcfece]" name="test" duration-ms="0" started-at="2017-02-13T15:26:48Z" data-provider="provideNumbers" finished-at="2017-02-13T15:26:48Z">
          <params>
            <param index="0">
              <value>
                <![CDATA[20]]>
              </value>
            </param>
            <param index="1">
              <value>
                <![CDATA[42]]>
              </value>
            </param>
          </params>
          <reporter-output>
          </reporter-output>
        </test-method> <!-- test -->
        <test-method status="PASS" signature="test(int, int)[pri:0, instance:com.test.AddTest@5dfcfece]" name="test" duration-ms="1" started-at="2017-02-13T15:26:48Z" data-provider="provideNumbers" finished-at="2017-02-13T15:26:48Z">
          <params>
            <param index="0">
              <value>
                <![CDATA[12]]>
              </value>
            </param>
            <param index="1">
              <value>
                <![CDATA[14]]>
              </value>
            </param>
          </params>
          <reporter-output>
          </reporter-output>
        </test-method> <!-- test -->
        <test-method status="PASS" signature="test(int, int)[pri:0, instance:com.test.AddTest@5dfcfece]" name="test" duration-ms="1" started-at="2017-02-13T15:26:48Z" data-provider="provideNumbers" finished-at="2017-02-13T15:26:48Z">
          <params>
            <param index="0">
              <value>
                <![CDATA[0]]>
              </value>
            </param>
            <param index="1">
              <value>
                <![CDATA[0]]>
              </value>
            </param>
          </params>
          <reporter-output>
          </reporter-output>
        </test-method> <!-- test -->
      </class> <!-- com.test.AddTest -->
    </test> <!-- Default test -->
  </suite> <!-- Default suite -->
</testng-results>
